mode: set
github.com/SamuelBECK1/wordpress-operator/controllers/backup_controller.go:53.98,57.16 4 0
github.com/SamuelBECK1/wordpress-operator/controllers/backup_controller.go:57.16,58.29 1 0
github.com/SamuelBECK1/wordpress-operator/controllers/backup_controller.go:58.29,60.4 1 0
github.com/SamuelBECK1/wordpress-operator/controllers/backup_controller.go:61.3,61.28 1 0
github.com/SamuelBECK1/wordpress-operator/controllers/backup_controller.go:64.2,66.42 3 0
github.com/SamuelBECK1/wordpress-operator/controllers/backup_controller.go:66.42,71.17 4 0
github.com/SamuelBECK1/wordpress-operator/controllers/backup_controller.go:71.17,74.4 2 0
github.com/SamuelBECK1/wordpress-operator/controllers/backup_controller.go:75.3,75.41 1 0
github.com/SamuelBECK1/wordpress-operator/controllers/backup_controller.go:77.2,77.27 1 0
github.com/SamuelBECK1/wordpress-operator/controllers/backup_controller.go:80.92,96.2 2 0
github.com/SamuelBECK1/wordpress-operator/controllers/backup_controller.go:98.91,116.2 4 0
github.com/SamuelBECK1/wordpress-operator/controllers/backup_controller.go:119.69,123.2 1 0
github.com/SamuelBECK1/wordpress-operator/controllers/wordpress_controller.go:57.101,61.16 4 0
github.com/SamuelBECK1/wordpress-operator/controllers/wordpress_controller.go:61.16,62.29 1 0
github.com/SamuelBECK1/wordpress-operator/controllers/wordpress_controller.go:62.29,64.4 1 0
github.com/SamuelBECK1/wordpress-operator/controllers/wordpress_controller.go:65.3,65.28 1 0
github.com/SamuelBECK1/wordpress-operator/controllers/wordpress_controller.go:67.2,71.42 5 0
github.com/SamuelBECK1/wordpress-operator/controllers/wordpress_controller.go:71.42,76.17 4 0
github.com/SamuelBECK1/wordpress-operator/controllers/wordpress_controller.go:76.17,79.4 2 0
github.com/SamuelBECK1/wordpress-operator/controllers/wordpress_controller.go:81.3,81.41 1 0
github.com/SamuelBECK1/wordpress-operator/controllers/wordpress_controller.go:82.8,82.23 1 0
github.com/SamuelBECK1/wordpress-operator/controllers/wordpress_controller.go:82.23,85.3 2 0
github.com/SamuelBECK1/wordpress-operator/controllers/wordpress_controller.go:87.2,88.42 2 0
github.com/SamuelBECK1/wordpress-operator/controllers/wordpress_controller.go:88.42,93.17 4 0
github.com/SamuelBECK1/wordpress-operator/controllers/wordpress_controller.go:93.17,96.4 2 0
github.com/SamuelBECK1/wordpress-operator/controllers/wordpress_controller.go:98.3,98.41 1 0
github.com/SamuelBECK1/wordpress-operator/controllers/wordpress_controller.go:99.8,99.23 1 0
github.com/SamuelBECK1/wordpress-operator/controllers/wordpress_controller.go:99.23,102.3 2 0
github.com/SamuelBECK1/wordpress-operator/controllers/wordpress_controller.go:104.2,105.42 2 0
github.com/SamuelBECK1/wordpress-operator/controllers/wordpress_controller.go:105.42,110.17 4 0
github.com/SamuelBECK1/wordpress-operator/controllers/wordpress_controller.go:110.17,113.4 2 0
github.com/SamuelBECK1/wordpress-operator/controllers/wordpress_controller.go:115.3,115.41 1 0
github.com/SamuelBECK1/wordpress-operator/controllers/wordpress_controller.go:116.8,116.23 1 0
github.com/SamuelBECK1/wordpress-operator/controllers/wordpress_controller.go:116.23,119.3 2 0
github.com/SamuelBECK1/wordpress-operator/controllers/wordpress_controller.go:120.2,121.42 2 0
github.com/SamuelBECK1/wordpress-operator/controllers/wordpress_controller.go:121.42,126.17 4 0
github.com/SamuelBECK1/wordpress-operator/controllers/wordpress_controller.go:126.17,129.4 2 0
github.com/SamuelBECK1/wordpress-operator/controllers/wordpress_controller.go:131.3,131.41 1 0
github.com/SamuelBECK1/wordpress-operator/controllers/wordpress_controller.go:132.8,132.23 1 0
github.com/SamuelBECK1/wordpress-operator/controllers/wordpress_controller.go:132.23,135.3 2 0
github.com/SamuelBECK1/wordpress-operator/controllers/wordpress_controller.go:137.2,138.42 2 0
github.com/SamuelBECK1/wordpress-operator/controllers/wordpress_controller.go:138.42,143.17 4 0
github.com/SamuelBECK1/wordpress-operator/controllers/wordpress_controller.go:143.17,146.4 2 0
github.com/SamuelBECK1/wordpress-operator/controllers/wordpress_controller.go:148.3,148.41 1 0
github.com/SamuelBECK1/wordpress-operator/controllers/wordpress_controller.go:149.8,149.23 1 0
github.com/SamuelBECK1/wordpress-operator/controllers/wordpress_controller.go:149.23,152.3 2 0
github.com/SamuelBECK1/wordpress-operator/controllers/wordpress_controller.go:154.2,155.42 2 0
github.com/SamuelBECK1/wordpress-operator/controllers/wordpress_controller.go:155.42,160.17 4 0
github.com/SamuelBECK1/wordpress-operator/controllers/wordpress_controller.go:160.17,163.4 2 0
github.com/SamuelBECK1/wordpress-operator/controllers/wordpress_controller.go:165.3,165.41 1 0
github.com/SamuelBECK1/wordpress-operator/controllers/wordpress_controller.go:166.8,166.23 1 0
github.com/SamuelBECK1/wordpress-operator/controllers/wordpress_controller.go:166.23,169.3 2 0
github.com/SamuelBECK1/wordpress-operator/controllers/wordpress_controller.go:170.2,170.27 1 0
github.com/SamuelBECK1/wordpress-operator/controllers/wordpress_controller.go:174.106,239.2 6 0
github.com/SamuelBECK1/wordpress-operator/controllers/wordpress_controller.go:241.100,262.2 3 0
github.com/SamuelBECK1/wordpress-operator/controllers/wordpress_controller.go:264.99,285.2 3 0
github.com/SamuelBECK1/wordpress-operator/controllers/wordpress_controller.go:287.105,354.2 6 0
github.com/SamuelBECK1/wordpress-operator/controllers/wordpress_controller.go:356.109,378.2 3 0
github.com/SamuelBECK1/wordpress-operator/controllers/wordpress_controller.go:380.105,402.2 3 0
github.com/SamuelBECK1/wordpress-operator/controllers/wordpress_controller.go:404.46,406.27 2 0
github.com/SamuelBECK1/wordpress-operator/controllers/wordpress_controller.go:406.27,408.3 1 0
github.com/SamuelBECK1/wordpress-operator/controllers/wordpress_controller.go:409.2,409.17 1 0
github.com/SamuelBECK1/wordpress-operator/controllers/wordpress_controller.go:412.56,414.2 1 0
github.com/SamuelBECK1/wordpress-operator/controllers/wordpress_controller.go:417.72,422.2 1 0
